
*** Running vivado
    with args -log design_1_TTF_Driver_0_0.vds -m64 -product Vivado -mode batch -messageDb vivado.pb -notrace -source design_1_TTF_Driver_0_0.tcl



****** Vivado v2022.2 (64-bit)
  **** SW Build 3671981 on Fri Oct 14 05:00:03 MDT 2022
  **** IP Build 3669848 on Fri Oct 14 08:30:02 MDT 2022
    ** Copyright 1986-2022 Xilinx, Inc. All Rights Reserved.

source design_1_TTF_Driver_0_0.tcl -notrace
INFO: [IP_Flow 19-234] Refreshing IP repositories
INFO: [IP_Flow 19-1704] No user IP repositories specified
INFO: [IP_Flow 19-2313] Loaded Vivado IP repository 'C:/Xilinx/Vivado/2022.2/data/ip'.
INFO: [IP_Flow 19-6924] IPCACHE: Running cache check for IP inst: design_1_TTF_Driver_0_0
Command: synth_design -top design_1_TTF_Driver_0_0 -part xc7a35tcpg236-1 -incremental_mode off -mode out_of_context
Starting synth_design
Attempting to get a license for feature 'Synthesis' and/or device 'xc7a35t'
INFO: [Common 17-349] Got license for feature 'Synthesis' and/or device 'xc7a35t'
INFO: [Device 21-403] Loading part xc7a35tcpg236-1
INFO: [Synth 8-7079] Multithreading enabled for synth_design using a maximum of 2 processes.
INFO: [Synth 8-7078] Launching helper process for spawning children vivado processes
INFO: [Synth 8-7075] Helper process launched with PID 37788
INFO: [Synth 8-11241] undeclared symbol 'REGCCE', assumed default net type 'wire' [C:/Xilinx/Vivado/2022.2/data/verilog/src/unimacro/BRAM_SINGLE_MACRO.v:2170]
---------------------------------------------------------------------------------
Starting RTL Elaboration : Time (s): cpu = 00:00:03 ; elapsed = 00:00:06 . Memory (MB): peak = 1341.801 ; gain = 407.996
---------------------------------------------------------------------------------
INFO: [Synth 8-638] synthesizing module 'design_1_TTF_Driver_0_0' [c:/FPGA/FPGA_FUN/GraviTris_WS/GraviTris_FPGA/GraviTris_FPGA.gen/sources_1/bd/design_1/ip/design_1_TTF_Driver_0_0/synth/design_1_TTF_Driver_0_0.vhd:78]
INFO: [Synth 8-3491] module 'TTF_Driver' declared at 'C:/FPGA/FPGA_FUN/GraviTris_WS/GraviTris_FPGA/GraviTris_FPGA.srcs/sources_1/imports/TFT_DRV_MS/TTF_Driver.vhd:21' bound to instance 'U0' of component 'TTF_Driver' [c:/FPGA/FPGA_FUN/GraviTris_WS/GraviTris_FPGA/GraviTris_FPGA.gen/sources_1/bd/design_1/ip/design_1_TTF_Driver_0_0/synth/design_1_TTF_Driver_0_0.vhd:115]
INFO: [Synth 8-638] synthesizing module 'TTF_Driver' [C:/FPGA/FPGA_FUN/GraviTris_WS/GraviTris_FPGA/GraviTris_FPGA.srcs/sources_1/imports/TFT_DRV_MS/TTF_Driver.vhd:52]
INFO: [Synth 8-256] done synthesizing module 'TTF_Driver' (0#1) [C:/FPGA/FPGA_FUN/GraviTris_WS/GraviTris_FPGA/GraviTris_FPGA.srcs/sources_1/imports/TFT_DRV_MS/TTF_Driver.vhd:52]
INFO: [Synth 8-256] done synthesizing module 'design_1_TTF_Driver_0_0' (0#1) [c:/FPGA/FPGA_FUN/GraviTris_WS/GraviTris_FPGA/GraviTris_FPGA.gen/sources_1/bd/design_1/ip/design_1_TTF_Driver_0_0/synth/design_1_TTF_Driver_0_0.vhd:78]
---------------------------------------------------------------------------------
Finished RTL Elaboration : Time (s): cpu = 00:00:04 ; elapsed = 00:00:07 . Memory (MB): peak = 1452.953 ; gain = 519.148
---------------------------------------------------------------------------------
---------------------------------------------------------------------------------
Start Handling Custom Attributes
---------------------------------------------------------------------------------
---------------------------------------------------------------------------------
Finished Handling Custom Attributes : Time (s): cpu = 00:00:04 ; elapsed = 00:00:07 . Memory (MB): peak = 1452.953 ; gain = 519.148
---------------------------------------------------------------------------------
---------------------------------------------------------------------------------
Finished RTL Optimization Phase 1 : Time (s): cpu = 00:00:04 ; elapsed = 00:00:07 . Memory (MB): peak = 1452.953 ; gain = 519.148
---------------------------------------------------------------------------------
Netlist sorting complete. Time (s): cpu = 00:00:00 ; elapsed = 00:00:00.003 . Memory (MB): peak = 1452.953 ; gain = 0.000
INFO: [Project 1-570] Preparing netlist for logic optimization

Processing XDC Constraints
Initializing timing engine
Completed Processing XDC Constraints

Netlist sorting complete. Time (s): cpu = 00:00:00 ; elapsed = 00:00:00 . Memory (MB): peak = 1552.871 ; gain = 0.000
INFO: [Project 1-111] Unisim Transformation Summary:
No Unisim elements were transformed.

Constraint Validation Runtime : Time (s): cpu = 00:00:00 ; elapsed = 00:00:00.022 . Memory (MB): peak = 1552.875 ; gain = 0.004
INFO: [Designutils 20-5008] Incremental synthesis strategy off
INFO: [Synth 8-11241] undeclared symbol 'REGCCE', assumed default net type 'wire' [C:/Xilinx/Vivado/2022.2/data/verilog/src/unimacro/BRAM_SINGLE_MACRO.v:2170]
---------------------------------------------------------------------------------
Finished Constraint Validation : Time (s): cpu = 00:00:08 ; elapsed = 00:00:14 . Memory (MB): peak = 1552.875 ; gain = 619.070
---------------------------------------------------------------------------------
---------------------------------------------------------------------------------
Start Loading Part and Timing Information
---------------------------------------------------------------------------------
Loading part: xc7a35tcpg236-1
---------------------------------------------------------------------------------
Finished Loading Part and Timing Information : Time (s): cpu = 00:00:08 ; elapsed = 00:00:14 . Memory (MB): peak = 1552.875 ; gain = 619.070
---------------------------------------------------------------------------------
---------------------------------------------------------------------------------
Start Applying 'set_property' XDC Constraints
---------------------------------------------------------------------------------
---------------------------------------------------------------------------------
Finished applying 'set_property' XDC Constraints : Time (s): cpu = 00:00:08 ; elapsed = 00:00:14 . Memory (MB): peak = 1552.875 ; gain = 619.070
---------------------------------------------------------------------------------
INFO: [Synth 8-802] inferred FSM for state register 'stateIdx_reg' in module 'TTF_Driver'
---------------------------------------------------------------------------------------------------
                   State |                     New Encoding |                Previous Encoding 
---------------------------------------------------------------------------------------------------
                reset_st |                               00 |                              000
         waitforstart_st |                               01 |                              001
    setuptoprintframe_st |                               10 |                              010
           printframe_st |                               11 |                              100
---------------------------------------------------------------------------------------------------
INFO: [Synth 8-3354] encoded FSM with state register 'stateIdx_reg' using encoding 'sequential' in module 'TTF_Driver'
---------------------------------------------------------------------------------
Finished RTL Optimization Phase 2 : Time (s): cpu = 00:00:08 ; elapsed = 00:00:15 . Memory (MB): peak = 1552.875 ; gain = 619.070
---------------------------------------------------------------------------------
---------------------------------------------------------------------------------
Start RTL Component Statistics 
---------------------------------------------------------------------------------
Detailed RTL Component Info : 
+---Adders : 
	   2 Input   16 Bit       Adders := 1     
	   2 Input   15 Bit       Adders := 1     
	   2 Input    8 Bit       Adders := 1     
+---Registers : 
	               16 Bit    Registers := 4     
	               15 Bit    Registers := 1     
	                8 Bit    Registers := 4     
	                4 Bit    Registers := 1     
	                1 Bit    Registers := 8     
+---RAMs : 
	             225K Bit	(28811 X 8 bit)          RAMs := 1     
+---Muxes : 
	  17 Input   16 Bit        Muxes := 2     
	   4 Input   16 Bit        Muxes := 2     
	   4 Input   15 Bit        Muxes := 1     
	   4 Input    8 Bit        Muxes := 3     
	   2 Input    8 Bit        Muxes := 4     
	   6 Input    3 Bit        Muxes := 1     
	   2 Input    3 Bit        Muxes := 1     
	  11 Input    2 Bit        Muxes := 1     
	   4 Input    2 Bit        Muxes := 2     
	   7 Input    2 Bit        Muxes := 1     
	   2 Input    1 Bit        Muxes := 25    
	   5 Input    1 Bit        Muxes := 1     
	   7 Input    1 Bit        Muxes := 1     
	   8 Input    1 Bit        Muxes := 2     
	   3 Input    1 Bit        Muxes := 3     
	   4 Input    1 Bit        Muxes := 14    
---------------------------------------------------------------------------------
Finished RTL Component Statistics 
---------------------------------------------------------------------------------
---------------------------------------------------------------------------------
Start Part Resource Summary
---------------------------------------------------------------------------------
Part Resources:
DSPs: 90 (col length:60)
BRAMs: 100 (col length: RAMB18 60 RAMB36 30)
---------------------------------------------------------------------------------
Finished Part Resource Summary
---------------------------------------------------------------------------------
---------------------------------------------------------------------------------
Start Cross Boundary and Area Optimization
---------------------------------------------------------------------------------
WARNING: [Synth 8-7080] Parallel synthesis criteria is not met
---------------------------------------------------------------------------------
Finished Cross Boundary and Area Optimization : Time (s): cpu = 00:00:13 ; elapsed = 00:00:22 . Memory (MB): peak = 1552.875 ; gain = 619.070
---------------------------------------------------------------------------------
---------------------------------------------------------------------------------
Start ROM, RAM, DSP, Shift Register and Retiming Reporting
---------------------------------------------------------------------------------

Distributed RAM: Preliminary Mapping Report (see note below)
+------------------------+------------------+-----------+----------------------+----------------+
|Module Name             | RTL Object       | Inference | Size (Depth x Width) | Primitives     | 
+------------------------+------------------+-----------+----------------------+----------------+
|design_1_TTF_Driver_0_0 | U0/memBuffer_reg | Implied   | 32 K x 8             | RAM64M x 1353  | 
+------------------------+------------------+-----------+----------------------+----------------+

Note: The table above is a preliminary report that shows the Distributed RAMs at the current stage of the synthesis flow. Some Distributed RAMs may be reimplemented as non Distributed RAM primitives later in the synthesis flow. Multiple instantiated RAMs are reported only once.
---------------------------------------------------------------------------------
Finished ROM, RAM, DSP, Shift Register and Retiming Reporting
---------------------------------------------------------------------------------
---------------------------------------------------------------------------------
Start Applying XDC Timing Constraints
---------------------------------------------------------------------------------
---------------------------------------------------------------------------------
Finished Applying XDC Timing Constraints : Time (s): cpu = 00:00:17 ; elapsed = 00:00:28 . Memory (MB): peak = 1552.875 ; gain = 619.070
---------------------------------------------------------------------------------
---------------------------------------------------------------------------------
Start Timing Optimization
---------------------------------------------------------------------------------
---------------------------------------------------------------------------------
Finished Timing Optimization : Time (s): cpu = 00:00:17 ; elapsed = 00:00:28 . Memory (MB): peak = 1552.875 ; gain = 619.070
---------------------------------------------------------------------------------
---------------------------------------------------------------------------------
Start ROM, RAM, DSP, Shift Register and Retiming Reporting
---------------------------------------------------------------------------------

Distributed RAM: Final Mapping Report
+------------------------+------------------+-----------+----------------------+----------------+
|Module Name             | RTL Object       | Inference | Size (Depth x Width) | Primitives     | 
+------------------------+------------------+-----------+----------------------+----------------+
|design_1_TTF_Driver_0_0 | U0/memBuffer_reg | Implied   | 32 K x 8             | RAM64M x 1353  | 
+------------------------+------------------+-----------+----------------------+----------------+

---------------------------------------------------------------------------------
Finished ROM, RAM, DSP, Shift Register and Retiming Reporting
---------------------------------------------------------------------------------
---------------------------------------------------------------------------------
Start Technology Mapping
---------------------------------------------------------------------------------
---------------------------------------------------------------------------------
Finished Technology Mapping : Time (s): cpu = 00:00:17 ; elapsed = 00:00:28 . Memory (MB): peak = 1552.875 ; gain = 619.070
---------------------------------------------------------------------------------
---------------------------------------------------------------------------------
Start IO Insertion
---------------------------------------------------------------------------------
---------------------------------------------------------------------------------
Start Flattening Before IO Insertion
---------------------------------------------------------------------------------
---------------------------------------------------------------------------------
Finished Flattening Before IO Insertion
---------------------------------------------------------------------------------
---------------------------------------------------------------------------------
Start Final Netlist Cleanup
---------------------------------------------------------------------------------
---------------------------------------------------------------------------------
Finished Final Netlist Cleanup
---------------------------------------------------------------------------------
---------------------------------------------------------------------------------
Finished IO Insertion : Time (s): cpu = 00:00:19 ; elapsed = 00:00:32 . Memory (MB): peak = 1552.875 ; gain = 619.070
---------------------------------------------------------------------------------
---------------------------------------------------------------------------------
Start Renaming Generated Instances
---------------------------------------------------------------------------------
---------------------------------------------------------------------------------
Finished Renaming Generated Instances : Time (s): cpu = 00:00:19 ; elapsed = 00:00:32 . Memory (MB): peak = 1552.875 ; gain = 619.070
---------------------------------------------------------------------------------
---------------------------------------------------------------------------------
Start Rebuilding User Hierarchy
---------------------------------------------------------------------------------
---------------------------------------------------------------------------------
Finished Rebuilding User Hierarchy : Time (s): cpu = 00:00:19 ; elapsed = 00:00:32 . Memory (MB): peak = 1552.875 ; gain = 619.070
---------------------------------------------------------------------------------
---------------------------------------------------------------------------------
Start Renaming Generated Ports
---------------------------------------------------------------------------------
---------------------------------------------------------------------------------
Finished Renaming Generated Ports : Time (s): cpu = 00:00:19 ; elapsed = 00:00:32 . Memory (MB): peak = 1552.875 ; gain = 619.070
---------------------------------------------------------------------------------
---------------------------------------------------------------------------------
Start Handling Custom Attributes
---------------------------------------------------------------------------------
---------------------------------------------------------------------------------
Finished Handling Custom Attributes : Time (s): cpu = 00:00:19 ; elapsed = 00:00:32 . Memory (MB): peak = 1552.875 ; gain = 619.070
---------------------------------------------------------------------------------
---------------------------------------------------------------------------------
Start Renaming Generated Nets
---------------------------------------------------------------------------------
---------------------------------------------------------------------------------
Finished Renaming Generated Nets : Time (s): cpu = 00:00:19 ; elapsed = 00:00:32 . Memory (MB): peak = 1552.875 ; gain = 619.070
---------------------------------------------------------------------------------
---------------------------------------------------------------------------------
Start Writing Synthesis Report
---------------------------------------------------------------------------------

Report BlackBoxes: 
+-+--------------+----------+
| |BlackBox name |Instances |
+-+--------------+----------+
+-+--------------+----------+

Report Cell Usage: 
+------+-------+------+
|      |Cell   |Count |
+------+-------+------+
|1     |CARRY4 |    20|
|2     |LUT1   |    44|
|3     |LUT2   |    68|
|4     |LUT3   |    25|
|5     |LUT4   |   104|
|6     |LUT5   |    28|
|7     |LUT6   |  1502|
|8     |MUXF7  |   481|
|9     |MUXF8  |   224|
|10    |RAM64M |  1353|
|11    |FDRE   |   326|
+------+-------+------+
---------------------------------------------------------------------------------
Finished Writing Synthesis Report : Time (s): cpu = 00:00:19 ; elapsed = 00:00:32 . Memory (MB): peak = 1552.875 ; gain = 619.070
---------------------------------------------------------------------------------
Synthesis finished with 0 errors, 0 critical warnings and 1 warnings.
Synthesis Optimization Runtime : Time (s): cpu = 00:00:15 ; elapsed = 00:00:30 . Memory (MB): peak = 1552.875 ; gain = 519.148
Synthesis Optimization Complete : Time (s): cpu = 00:00:19 ; elapsed = 00:00:32 . Memory (MB): peak = 1552.875 ; gain = 619.070
INFO: [Project 1-571] Translating synthesized netlist
Netlist sorting complete. Time (s): cpu = 00:00:00 ; elapsed = 00:00:00.051 . Memory (MB): peak = 1552.875 ; gain = 0.000
INFO: [Netlist 29-17] Analyzing 2078 Unisim elements for replacement
INFO: [Netlist 29-28] Unisim Transformation completed in 1 CPU seconds
WARNING: [Netlist 29-101] Netlist 'design_1_TTF_Driver_0_0' is not ideal for floorplanning, since the cellview 'TTF_Driver' contains a large number of primitives.  Please consider enabling hierarchy in synthesis if you want to do floorplanning.
INFO: [Project 1-570] Preparing netlist for logic optimization
INFO: [Opt 31-138] Pushed 0 inverter(s) to 0 load pin(s).
Netlist sorting complete. Time (s): cpu = 00:00:00 ; elapsed = 00:00:00.003 . Memory (MB): peak = 1552.875 ; gain = 0.000
INFO: [Project 1-111] Unisim Transformation Summary:
  A total of 1353 instances were transformed.
  RAM64M => RAM64M (RAMD64E(x4)): 1353 instances

Synth Design complete, checksum: b6d40580
INFO: [Common 17-83] Releasing license: Synthesis
28 Infos, 2 Warnings, 0 Critical Warnings and 0 Errors encountered.
synth_design completed successfully
synth_design: Time (s): cpu = 00:00:22 ; elapsed = 00:00:37 . Memory (MB): peak = 1552.875 ; gain = 994.402
INFO: [Common 17-1381] The checkpoint 'C:/FPGA/FPGA_FUN/GraviTris_WS/GraviTris_FPGA/GraviTris_FPGA.runs/design_1_TTF_Driver_0_0_synth_1/design_1_TTF_Driver_0_0.dcp' has been generated.
INFO: [Coretcl 2-1648] Added synthesis output to IP cache for IP design_1_TTF_Driver_0_0, cache-ID = e79dcb508c811643
INFO: [Common 17-1381] The checkpoint 'C:/FPGA/FPGA_FUN/GraviTris_WS/GraviTris_FPGA/GraviTris_FPGA.runs/design_1_TTF_Driver_0_0_synth_1/design_1_TTF_Driver_0_0.dcp' has been generated.
INFO: [runtcl-4] Executing : report_utilization -file design_1_TTF_Driver_0_0_utilization_synth.rpt -pb design_1_TTF_Driver_0_0_utilization_synth.pb
INFO: [Common 17-206] Exiting Vivado at Thu May 30 14:38:26 2024...
