
*** Running vivado
    with args -log design_1_wrapper.vds -m64 -product Vivado -mode batch -messageDb vivado.pb -notrace -source design_1_wrapper.tcl



****** Vivado v2023.2 (64-bit)
  **** SW Build 4029153 on Fri Oct 13 20:14:34 MDT 2023
  **** IP Build 4028589 on Sat Oct 14 00:45:43 MDT 2023
  **** SharedData Build 4025554 on Tue Oct 10 17:18:54 MDT 2023
    ** Copyright 1986-2022 Xilinx, Inc. All Rights Reserved.
    ** Copyright 2022-2023 Advanced Micro Devices, Inc. All Rights Reserved.

source design_1_wrapper.tcl -notrace
INFO: [IP_Flow 19-234] Refreshing IP repositories
INFO: [IP_Flow 19-1704] No user IP repositories specified
INFO: [IP_Flow 19-2313] Loaded Vivado IP repository 'C:/Xilinx/Vivado/2023.2/data/ip'.
Command: read_checkpoint -auto_incremental -incremental C:/FPGA/FPGA_FUN/GraviTris/GraviTris.srcs/utils_1/imports/synth_1/design_1_wrapper.dcp
INFO: [Vivado 12-5825] Read reference checkpoint from C:/FPGA/FPGA_FUN/GraviTris/GraviTris.srcs/utils_1/imports/synth_1/design_1_wrapper.dcp for incremental synthesis
INFO: [Vivado 12-7989] Please ensure there are no constraint changes
Command: synth_design -top design_1_wrapper -part xc7a35tcpg236-1
Starting synth_design
Attempting to get a license for feature 'Synthesis' and/or device 'xc7a35t'
INFO: [Common 17-349] Got license for feature 'Synthesis' and/or device 'xc7a35t'
INFO: [Device 21-403] Loading part xc7a35tcpg236-1
INFO: [Designutils 20-5440] No compile time benefit to using incremental synthesis; A full resynthesis will be run
INFO: [Designutils 20-4379] Flow is switching to default flow due to incremental criteria not met. If you would like to alter this behaviour and have the flow terminate instead, please set the following parameter config_implementation {autoIncr.Synth.RejectBehavior Terminate}
INFO: [Synth 8-7079] Multithreading enabled for synth_design using a maximum of 2 processes.
INFO: [Synth 8-7078] Launching helper process for spawning children vivado processes
INFO: [Synth 8-7075] Helper process launched with PID 31932
---------------------------------------------------------------------------------
Starting RTL Elaboration : Time (s): cpu = 00:00:03 ; elapsed = 00:00:03 . Memory (MB): peak = 1449.141 ; gain = 439.367
---------------------------------------------------------------------------------
INFO: [Synth 8-6157] synthesizing module 'design_1_wrapper' [c:/FPGA/FPGA_FUN/GraviTris/GraviTris.gen/sources_1/bd/design_1/hdl/design_1_wrapper.v:13]
INFO: [Synth 8-6157] synthesizing module 'design_1' [c:/FPGA/FPGA_FUN/GraviTris/GraviTris.gen/sources_1/bd/design_1/synth/design_1.v:13]
INFO: [Synth 8-6157] synthesizing module 'design_1_IO_Mapper_0_0' [C:/FPGA/FPGA_FUN/GraviTris/GraviTris.runs/synth_1/.Xil/Vivado-33560-CP-230194/realtime/design_1_IO_Mapper_0_0_stub.v:6]
INFO: [Synth 8-6155] done synthesizing module 'design_1_IO_Mapper_0_0' (0#1) [C:/FPGA/FPGA_FUN/GraviTris/GraviTris.runs/synth_1/.Xil/Vivado-33560-CP-230194/realtime/design_1_IO_Mapper_0_0_stub.v:6]
INFO: [Synth 8-6157] synthesizing module 'design_1_TTF_Driver_0_0' [C:/FPGA/FPGA_FUN/GraviTris/GraviTris.runs/synth_1/.Xil/Vivado-33560-CP-230194/realtime/design_1_TTF_Driver_0_0_stub.v:6]
INFO: [Synth 8-6155] done synthesizing module 'design_1_TTF_Driver_0_0' (0#1) [C:/FPGA/FPGA_FUN/GraviTris/GraviTris.runs/synth_1/.Xil/Vivado-33560-CP-230194/realtime/design_1_TTF_Driver_0_0_stub.v:6]
INFO: [Synth 8-6157] synthesizing module 'design_1_axi_gpio_0_0' [C:/FPGA/FPGA_FUN/GraviTris/GraviTris.runs/synth_1/.Xil/Vivado-33560-CP-230194/realtime/design_1_axi_gpio_0_0_stub.v:6]
INFO: [Synth 8-6155] done synthesizing module 'design_1_axi_gpio_0_0' (0#1) [C:/FPGA/FPGA_FUN/GraviTris/GraviTris.runs/synth_1/.Xil/Vivado-33560-CP-230194/realtime/design_1_axi_gpio_0_0_stub.v:6]
INFO: [Synth 8-6157] synthesizing module 'design_1_axi_gpio_1_0' [C:/FPGA/FPGA_FUN/GraviTris/GraviTris.runs/synth_1/.Xil/Vivado-33560-CP-230194/realtime/design_1_axi_gpio_1_0_stub.v:6]
INFO: [Synth 8-6155] done synthesizing module 'design_1_axi_gpio_1_0' (0#1) [C:/FPGA/FPGA_FUN/GraviTris/GraviTris.runs/synth_1/.Xil/Vivado-33560-CP-230194/realtime/design_1_axi_gpio_1_0_stub.v:6]
INFO: [Synth 8-6157] synthesizing module 'design_1_axi_uartlite_0_0' [C:/FPGA/FPGA_FUN/GraviTris/GraviTris.runs/synth_1/.Xil/Vivado-33560-CP-230194/realtime/design_1_axi_uartlite_0_0_stub.v:6]
INFO: [Synth 8-6155] done synthesizing module 'design_1_axi_uartlite_0_0' (0#1) [C:/FPGA/FPGA_FUN/GraviTris/GraviTris.runs/synth_1/.Xil/Vivado-33560-CP-230194/realtime/design_1_axi_uartlite_0_0_stub.v:6]
WARNING: [Synth 8-7071] port 'interrupt' of module 'design_1_axi_uartlite_0_0' is unconnected for instance 'axi_uartlite_0' [c:/FPGA/FPGA_FUN/GraviTris/GraviTris.gen/sources_1/bd/design_1/synth/design_1.v:262]
WARNING: [Synth 8-7023] instance 'axi_uartlite_0' of module 'design_1_axi_uartlite_0_0' has 22 connections declared, but only 21 given [c:/FPGA/FPGA_FUN/GraviTris/GraviTris.gen/sources_1/bd/design_1/synth/design_1.v:262]
INFO: [Synth 8-6157] synthesizing module 'design_1_clk_wiz_0_0' [C:/FPGA/FPGA_FUN/GraviTris/GraviTris.runs/synth_1/.Xil/Vivado-33560-CP-230194/realtime/design_1_clk_wiz_0_0_stub.v:6]
INFO: [Synth 8-6155] done synthesizing module 'design_1_clk_wiz_0_0' (0#1) [C:/FPGA/FPGA_FUN/GraviTris/GraviTris.runs/synth_1/.Xil/Vivado-33560-CP-230194/realtime/design_1_clk_wiz_0_0_stub.v:6]
INFO: [Synth 8-6157] synthesizing module 'design_1_mdm_1_0' [C:/FPGA/FPGA_FUN/GraviTris/GraviTris.runs/synth_1/.Xil/Vivado-33560-CP-230194/realtime/design_1_mdm_1_0_stub.v:6]
INFO: [Synth 8-6155] done synthesizing module 'design_1_mdm_1_0' (0#1) [C:/FPGA/FPGA_FUN/GraviTris/GraviTris.runs/synth_1/.Xil/Vivado-33560-CP-230194/realtime/design_1_mdm_1_0_stub.v:6]
INFO: [Synth 8-6157] synthesizing module 'design_1_microblaze_0_0' [C:/FPGA/FPGA_FUN/GraviTris/GraviTris.runs/synth_1/.Xil/Vivado-33560-CP-230194/realtime/design_1_microblaze_0_0_stub.v:6]
INFO: [Synth 8-6155] done synthesizing module 'design_1_microblaze_0_0' (0#1) [C:/FPGA/FPGA_FUN/GraviTris/GraviTris.runs/synth_1/.Xil/Vivado-33560-CP-230194/realtime/design_1_microblaze_0_0_stub.v:6]
WARNING: [Synth 8-7071] port 'Interrupt_Ack' of module 'design_1_microblaze_0_0' is unconnected for instance 'microblaze_0' [c:/FPGA/FPGA_FUN/GraviTris/GraviTris.gen/sources_1/bd/design_1/synth/design_1.v:301]
WARNING: [Synth 8-7023] instance 'microblaze_0' of module 'design_1_microblaze_0_0' has 52 connections declared, but only 51 given [c:/FPGA/FPGA_FUN/GraviTris/GraviTris.gen/sources_1/bd/design_1/synth/design_1.v:301]
INFO: [Synth 8-6157] synthesizing module 'design_1_microblaze_0_axi_periph_0' [c:/FPGA/FPGA_FUN/GraviTris/GraviTris.gen/sources_1/bd/design_1/synth/design_1.v:467]
INFO: [Synth 8-6157] synthesizing module 'm00_couplers_imp_8RVYHO' [c:/FPGA/FPGA_FUN/GraviTris/GraviTris.gen/sources_1/bd/design_1/synth/design_1.v:1045]
INFO: [Synth 8-6155] done synthesizing module 'm00_couplers_imp_8RVYHO' (0#1) [c:/FPGA/FPGA_FUN/GraviTris/GraviTris.gen/sources_1/bd/design_1/synth/design_1.v:1045]
INFO: [Synth 8-6157] synthesizing module 'm01_couplers_imp_1UTB3Y5' [c:/FPGA/FPGA_FUN/GraviTris/GraviTris.gen/sources_1/bd/design_1/synth/design_1.v:1177]
INFO: [Synth 8-6155] done synthesizing module 'm01_couplers_imp_1UTB3Y5' (0#1) [c:/FPGA/FPGA_FUN/GraviTris/GraviTris.gen/sources_1/bd/design_1/synth/design_1.v:1177]
INFO: [Synth 8-6157] synthesizing module 'm02_couplers_imp_7ANRHB' [c:/FPGA/FPGA_FUN/GraviTris/GraviTris.gen/sources_1/bd/design_1/synth/design_1.v:1309]
INFO: [Synth 8-6155] done synthesizing module 'm02_couplers_imp_7ANRHB' (0#1) [c:/FPGA/FPGA_FUN/GraviTris/GraviTris.gen/sources_1/bd/design_1/synth/design_1.v:1309]
INFO: [Synth 8-6157] synthesizing module 's00_couplers_imp_1RZP34U' [c:/FPGA/FPGA_FUN/GraviTris/GraviTris.gen/sources_1/bd/design_1/synth/design_1.v:1675]
INFO: [Synth 8-6155] done synthesizing module 's00_couplers_imp_1RZP34U' (0#1) [c:/FPGA/FPGA_FUN/GraviTris/GraviTris.gen/sources_1/bd/design_1/synth/design_1.v:1675]
INFO: [Synth 8-6157] synthesizing module 'design_1_xbar_0' [C:/FPGA/FPGA_FUN/GraviTris/GraviTris.runs/synth_1/.Xil/Vivado-33560-CP-230194/realtime/design_1_xbar_0_stub.v:6]
INFO: [Synth 8-6155] done synthesizing module 'design_1_xbar_0' (0#1) [C:/FPGA/FPGA_FUN/GraviTris/GraviTris.runs/synth_1/.Xil/Vivado-33560-CP-230194/realtime/design_1_xbar_0_stub.v:6]
WARNING: [Synth 8-7071] port 'm_axi_awprot' of module 'design_1_xbar_0' is unconnected for instance 'xbar' [c:/FPGA/FPGA_FUN/GraviTris/GraviTris.gen/sources_1/bd/design_1/synth/design_1.v:1004]
WARNING: [Synth 8-7071] port 'm_axi_arprot' of module 'design_1_xbar_0' is unconnected for instance 'xbar' [c:/FPGA/FPGA_FUN/GraviTris/GraviTris.gen/sources_1/bd/design_1/synth/design_1.v:1004]
WARNING: [Synth 8-7023] instance 'xbar' of module 'design_1_xbar_0' has 40 connections declared, but only 38 given [c:/FPGA/FPGA_FUN/GraviTris/GraviTris.gen/sources_1/bd/design_1/synth/design_1.v:1004]
INFO: [Synth 8-6155] done synthesizing module 'design_1_microblaze_0_axi_periph_0' (0#1) [c:/FPGA/FPGA_FUN/GraviTris/GraviTris.gen/sources_1/bd/design_1/synth/design_1.v:467]
INFO: [Synth 8-6157] synthesizing module 'microblaze_0_local_memory_imp_1K0VQXK' [c:/FPGA/FPGA_FUN/GraviTris/GraviTris.gen/sources_1/bd/design_1/synth/design_1.v:1441]
INFO: [Synth 8-6157] synthesizing module 'design_1_dlmb_bram_if_cntlr_0' [C:/FPGA/FPGA_FUN/GraviTris/GraviTris.runs/synth_1/.Xil/Vivado-33560-CP-230194/realtime/design_1_dlmb_bram_if_cntlr_0_stub.v:6]
INFO: [Synth 8-6155] done synthesizing module 'design_1_dlmb_bram_if_cntlr_0' (0#1) [C:/FPGA/FPGA_FUN/GraviTris/GraviTris.runs/synth_1/.Xil/Vivado-33560-CP-230194/realtime/design_1_dlmb_bram_if_cntlr_0_stub.v:6]
INFO: [Synth 8-6157] synthesizing module 'design_1_dlmb_v10_0' [C:/FPGA/FPGA_FUN/GraviTris/GraviTris.runs/synth_1/.Xil/Vivado-33560-CP-230194/realtime/design_1_dlmb_v10_0_stub.v:6]
INFO: [Synth 8-6155] done synthesizing module 'design_1_dlmb_v10_0' (0#1) [C:/FPGA/FPGA_FUN/GraviTris/GraviTris.runs/synth_1/.Xil/Vivado-33560-CP-230194/realtime/design_1_dlmb_v10_0_stub.v:6]
WARNING: [Synth 8-7071] port 'LMB_Rst' of module 'design_1_dlmb_v10_0' is unconnected for instance 'dlmb_v10' [c:/FPGA/FPGA_FUN/GraviTris/GraviTris.gen/sources_1/bd/design_1/synth/design_1.v:1587]
WARNING: [Synth 8-7023] instance 'dlmb_v10' of module 'design_1_dlmb_v10_0' has 25 connections declared, but only 24 given [c:/FPGA/FPGA_FUN/GraviTris/GraviTris.gen/sources_1/bd/design_1/synth/design_1.v:1587]
INFO: [Synth 8-6157] synthesizing module 'design_1_ilmb_bram_if_cntlr_0' [C:/FPGA/FPGA_FUN/GraviTris/GraviTris.runs/synth_1/.Xil/Vivado-33560-CP-230194/realtime/design_1_ilmb_bram_if_cntlr_0_stub.v:6]
INFO: [Synth 8-6155] done synthesizing module 'design_1_ilmb_bram_if_cntlr_0' (0#1) [C:/FPGA/FPGA_FUN/GraviTris/GraviTris.runs/synth_1/.Xil/Vivado-33560-CP-230194/realtime/design_1_ilmb_bram_if_cntlr_0_stub.v:6]
INFO: [Synth 8-6157] synthesizing module 'design_1_ilmb_v10_0' [C:/FPGA/FPGA_FUN/GraviTris/GraviTris.runs/synth_1/.Xil/Vivado-33560-CP-230194/realtime/design_1_ilmb_v10_0_stub.v:6]
INFO: [Synth 8-6155] done synthesizing module 'design_1_ilmb_v10_0' (0#1) [C:/FPGA/FPGA_FUN/GraviTris/GraviTris.runs/synth_1/.Xil/Vivado-33560-CP-230194/realtime/design_1_ilmb_v10_0_stub.v:6]
WARNING: [Synth 8-7071] port 'LMB_Rst' of module 'design_1_ilmb_v10_0' is unconnected for instance 'ilmb_v10' [c:/FPGA/FPGA_FUN/GraviTris/GraviTris.gen/sources_1/bd/design_1/synth/design_1.v:1633]
WARNING: [Synth 8-7023] instance 'ilmb_v10' of module 'design_1_ilmb_v10_0' has 25 connections declared, but only 24 given [c:/FPGA/FPGA_FUN/GraviTris/GraviTris.gen/sources_1/bd/design_1/synth/design_1.v:1633]
INFO: [Synth 8-6157] synthesizing module 'design_1_lmb_bram_0' [C:/FPGA/FPGA_FUN/GraviTris/GraviTris.runs/synth_1/.Xil/Vivado-33560-CP-230194/realtime/design_1_lmb_bram_0_stub.v:6]
INFO: [Synth 8-6155] done synthesizing module 'design_1_lmb_bram_0' (0#1) [C:/FPGA/FPGA_FUN/GraviTris/GraviTris.runs/synth_1/.Xil/Vivado-33560-CP-230194/realtime/design_1_lmb_bram_0_stub.v:6]
WARNING: [Synth 8-7071] port 'rsta_busy' of module 'design_1_lmb_bram_0' is unconnected for instance 'lmb_bram' [c:/FPGA/FPGA_FUN/GraviTris/GraviTris.gen/sources_1/bd/design_1/synth/design_1.v:1658]
WARNING: [Synth 8-7071] port 'rstb_busy' of module 'design_1_lmb_bram_0' is unconnected for instance 'lmb_bram' [c:/FPGA/FPGA_FUN/GraviTris/GraviTris.gen/sources_1/bd/design_1/synth/design_1.v:1658]
WARNING: [Synth 8-7023] instance 'lmb_bram' of module 'design_1_lmb_bram_0' has 16 connections declared, but only 14 given [c:/FPGA/FPGA_FUN/GraviTris/GraviTris.gen/sources_1/bd/design_1/synth/design_1.v:1658]
INFO: [Synth 8-6155] done synthesizing module 'microblaze_0_local_memory_imp_1K0VQXK' (0#1) [c:/FPGA/FPGA_FUN/GraviTris/GraviTris.gen/sources_1/bd/design_1/synth/design_1.v:1441]
INFO: [Synth 8-6157] synthesizing module 'design_1_rst_clk_wiz_0_16M_0' [C:/FPGA/FPGA_FUN/GraviTris/GraviTris.runs/synth_1/.Xil/Vivado-33560-CP-230194/realtime/design_1_rst_clk_wiz_0_16M_0_stub.v:6]
INFO: [Synth 8-6155] done synthesizing module 'design_1_rst_clk_wiz_0_16M_0' (0#1) [C:/FPGA/FPGA_FUN/GraviTris/GraviTris.runs/synth_1/.Xil/Vivado-33560-CP-230194/realtime/design_1_rst_clk_wiz_0_16M_0_stub.v:6]
WARNING: [Synth 8-7071] port 'peripheral_reset' of module 'design_1_rst_clk_wiz_0_16M_0' is unconnected for instance 'rst_clk_wiz_0_16M' [c:/FPGA/FPGA_FUN/GraviTris/GraviTris.gen/sources_1/bd/design_1/synth/design_1.v:456]
WARNING: [Synth 8-7071] port 'interconnect_aresetn' of module 'design_1_rst_clk_wiz_0_16M_0' is unconnected for instance 'rst_clk_wiz_0_16M' [c:/FPGA/FPGA_FUN/GraviTris/GraviTris.gen/sources_1/bd/design_1/synth/design_1.v:456]
WARNING: [Synth 8-7023] instance 'rst_clk_wiz_0_16M' of module 'design_1_rst_clk_wiz_0_16M_0' has 10 connections declared, but only 8 given [c:/FPGA/FPGA_FUN/GraviTris/GraviTris.gen/sources_1/bd/design_1/synth/design_1.v:456]
INFO: [Synth 8-6155] done synthesizing module 'design_1' (0#1) [c:/FPGA/FPGA_FUN/GraviTris/GraviTris.gen/sources_1/bd/design_1/synth/design_1.v:13]
INFO: [Synth 8-6155] done synthesizing module 'design_1_wrapper' (0#1) [c:/FPGA/FPGA_FUN/GraviTris/GraviTris.gen/sources_1/bd/design_1/hdl/design_1_wrapper.v:13]
WARNING: [Synth 8-7129] Port M_ACLK in module s00_couplers_imp_1RZP34U is either unconnected or has no load
WARNING: [Synth 8-7129] Port M_ARESETN in module s00_couplers_imp_1RZP34U is either unconnected or has no load
WARNING: [Synth 8-7129] Port S_ACLK in module s00_couplers_imp_1RZP34U is either unconnected or has no load
WARNING: [Synth 8-7129] Port S_ARESETN in module s00_couplers_imp_1RZP34U is either unconnected or has no load
WARNING: [Synth 8-7129] Port M_ACLK in module m02_couplers_imp_7ANRHB is either unconnected or has no load
WARNING: [Synth 8-7129] Port M_ARESETN in module m02_couplers_imp_7ANRHB is either unconnected or has no load
WARNING: [Synth 8-7129] Port S_ACLK in module m02_couplers_imp_7ANRHB is either unconnected or has no load
WARNING: [Synth 8-7129] Port S_ARESETN in module m02_couplers_imp_7ANRHB is either unconnected or has no load
WARNING: [Synth 8-7129] Port M_ACLK in module m01_couplers_imp_1UTB3Y5 is either unconnected or has no load
WARNING: [Synth 8-7129] Port M_ARESETN in module m01_couplers_imp_1UTB3Y5 is either unconnected or has no load
WARNING: [Synth 8-7129] Port S_ACLK in module m01_couplers_imp_1UTB3Y5 is either unconnected or has no load
WARNING: [Synth 8-7129] Port S_ARESETN in module m01_couplers_imp_1UTB3Y5 is either unconnected or has no load
WARNING: [Synth 8-7129] Port M_ACLK in module m00_couplers_imp_8RVYHO is either unconnected or has no load
WARNING: [Synth 8-7129] Port M_ARESETN in module m00_couplers_imp_8RVYHO is either unconnected or has no load
WARNING: [Synth 8-7129] Port S_ACLK in module m00_couplers_imp_8RVYHO is either unconnected or has no load
WARNING: [Synth 8-7129] Port S_ARESETN in module m00_couplers_imp_8RVYHO is either unconnected or has no load
WARNING: [Synth 8-7129] Port M00_ACLK in module design_1_microblaze_0_axi_periph_0 is either unconnected or has no load
WARNING: [Synth 8-7129] Port M00_ARESETN in module design_1_microblaze_0_axi_periph_0 is either unconnected or has no load
WARNING: [Synth 8-7129] Port M01_ACLK in module design_1_microblaze_0_axi_periph_0 is either unconnected or has no load
WARNING: [Synth 8-7129] Port M01_ARESETN in module design_1_microblaze_0_axi_periph_0 is either unconnected or has no load
WARNING: [Synth 8-7129] Port M02_ACLK in module design_1_microblaze_0_axi_periph_0 is either unconnected or has no load
WARNING: [Synth 8-7129] Port M02_ARESETN in module design_1_microblaze_0_axi_periph_0 is either unconnected or has no load
WARNING: [Synth 8-7129] Port S00_ACLK in module design_1_microblaze_0_axi_periph_0 is either unconnected or has no load
WARNING: [Synth 8-7129] Port S00_ARESETN in module design_1_microblaze_0_axi_periph_0 is either unconnected or has no load
---------------------------------------------------------------------------------
Finished RTL Elaboration : Time (s): cpu = 00:00:04 ; elapsed = 00:00:04 . Memory (MB): peak = 1563.250 ; gain = 553.477
---------------------------------------------------------------------------------
---------------------------------------------------------------------------------
Start Handling Custom Attributes
---------------------------------------------------------------------------------
---------------------------------------------------------------------------------
Finished Handling Custom Attributes : Time (s): cpu = 00:00:04 ; elapsed = 00:00:04 . Memory (MB): peak = 1563.250 ; gain = 553.477
---------------------------------------------------------------------------------
---------------------------------------------------------------------------------
Finished RTL Optimization Phase 1 : Time (s): cpu = 00:00:04 ; elapsed = 00:00:04 . Memory (MB): peak = 1563.250 ; gain = 553.477
---------------------------------------------------------------------------------
Netlist sorting complete. Time (s): cpu = 00:00:00 ; elapsed = 00:00:00.020 . Memory (MB): peak = 1563.250 ; gain = 0.000
INFO: [Project 1-570] Preparing netlist for logic optimization

Processing XDC Constraints
Initializing timing engine
Parsing XDC File [c:/FPGA/FPGA_FUN/GraviTris/GraviTris.gen/sources_1/bd/design_1/ip/design_1_TTF_Driver_0_0/design_1_TTF_Driver_0_0/design_1_TTF_Driver_0_0_in_context.xdc] for cell 'design_1_i/TTF_Driver_0'
Finished Parsing XDC File [c:/FPGA/FPGA_FUN/GraviTris/GraviTris.gen/sources_1/bd/design_1/ip/design_1_TTF_Driver_0_0/design_1_TTF_Driver_0_0/design_1_TTF_Driver_0_0_in_context.xdc] for cell 'design_1_i/TTF_Driver_0'
Parsing XDC File [c:/FPGA/FPGA_FUN/GraviTris/GraviTris.gen/sources_1/bd/design_1/ip/design_1_clk_wiz_0_0/design_1_clk_wiz_0_0/design_1_clk_wiz_0_0_in_context.xdc] for cell 'design_1_i/clk_wiz_0'
Finished Parsing XDC File [c:/FPGA/FPGA_FUN/GraviTris/GraviTris.gen/sources_1/bd/design_1/ip/design_1_clk_wiz_0_0/design_1_clk_wiz_0_0/design_1_clk_wiz_0_0_in_context.xdc] for cell 'design_1_i/clk_wiz_0'
Parsing XDC File [c:/FPGA/FPGA_FUN/GraviTris/GraviTris.gen/sources_1/bd/design_1/ip/design_1_microblaze_0_0/design_1_microblaze_0_0/design_1_microblaze_0_0_in_context.xdc] for cell 'design_1_i/microblaze_0'
Finished Parsing XDC File [c:/FPGA/FPGA_FUN/GraviTris/GraviTris.gen/sources_1/bd/design_1/ip/design_1_microblaze_0_0/design_1_microblaze_0_0/design_1_microblaze_0_0_in_context.xdc] for cell 'design_1_i/microblaze_0'
Parsing XDC File [c:/FPGA/FPGA_FUN/GraviTris/GraviTris.gen/sources_1/bd/design_1/ip/design_1_dlmb_v10_0/design_1_dlmb_v10_0/design_1_ilmb_v10_0_in_context.xdc] for cell 'design_1_i/microblaze_0_local_memory/dlmb_v10'
Finished Parsing XDC File [c:/FPGA/FPGA_FUN/GraviTris/GraviTris.gen/sources_1/bd/design_1/ip/design_1_dlmb_v10_0/design_1_dlmb_v10_0/design_1_ilmb_v10_0_in_context.xdc] for cell 'design_1_i/microblaze_0_local_memory/dlmb_v10'
Parsing XDC File [c:/FPGA/FPGA_FUN/GraviTris/GraviTris.gen/sources_1/bd/design_1/ip/design_1_ilmb_v10_0/design_1_ilmb_v10_0/design_1_ilmb_v10_0_in_context.xdc] for cell 'design_1_i/microblaze_0_local_memory/ilmb_v10'
Finished Parsing XDC File [c:/FPGA/FPGA_FUN/GraviTris/GraviTris.gen/sources_1/bd/design_1/ip/design_1_ilmb_v10_0/design_1_ilmb_v10_0/design_1_ilmb_v10_0_in_context.xdc] for cell 'design_1_i/microblaze_0_local_memory/ilmb_v10'
Parsing XDC File [c:/FPGA/FPGA_FUN/GraviTris/GraviTris.gen/sources_1/bd/design_1/ip/design_1_dlmb_bram_if_cntlr_0/design_1_dlmb_bram_if_cntlr_0/design_1_dlmb_bram_if_cntlr_0_in_context.xdc] for cell 'design_1_i/microblaze_0_local_memory/dlmb_bram_if_cntlr'
Finished Parsing XDC File [c:/FPGA/FPGA_FUN/GraviTris/GraviTris.gen/sources_1/bd/design_1/ip/design_1_dlmb_bram_if_cntlr_0/design_1_dlmb_bram_if_cntlr_0/design_1_dlmb_bram_if_cntlr_0_in_context.xdc] for cell 'design_1_i/microblaze_0_local_memory/dlmb_bram_if_cntlr'
Parsing XDC File [c:/FPGA/FPGA_FUN/GraviTris/GraviTris.gen/sources_1/bd/design_1/ip/design_1_ilmb_bram_if_cntlr_0/design_1_ilmb_bram_if_cntlr_0/design_1_ilmb_bram_if_cntlr_0_in_context.xdc] for cell 'design_1_i/microblaze_0_local_memory/ilmb_bram_if_cntlr'
Finished Parsing XDC File [c:/FPGA/FPGA_FUN/GraviTris/GraviTris.gen/sources_1/bd/design_1/ip/design_1_ilmb_bram_if_cntlr_0/design_1_ilmb_bram_if_cntlr_0/design_1_ilmb_bram_if_cntlr_0_in_context.xdc] for cell 'design_1_i/microblaze_0_local_memory/ilmb_bram_if_cntlr'
Parsing XDC File [c:/FPGA/FPGA_FUN/GraviTris/GraviTris.gen/sources_1/bd/design_1/ip/design_1_lmb_bram_0/design_1_lmb_bram_0/design_1_lmb_bram_0_in_context.xdc] for cell 'design_1_i/microblaze_0_local_memory/lmb_bram'
Finished Parsing XDC File [c:/FPGA/FPGA_FUN/GraviTris/GraviTris.gen/sources_1/bd/design_1/ip/design_1_lmb_bram_0/design_1_lmb_bram_0/design_1_lmb_bram_0_in_context.xdc] for cell 'design_1_i/microblaze_0_local_memory/lmb_bram'
Parsing XDC File [c:/FPGA/FPGA_FUN/GraviTris/GraviTris.gen/sources_1/bd/design_1/ip/design_1_mdm_1_0/design_1_mdm_1_0/design_1_mdm_1_0_in_context.xdc] for cell 'design_1_i/mdm_1'
Finished Parsing XDC File [c:/FPGA/FPGA_FUN/GraviTris/GraviTris.gen/sources_1/bd/design_1/ip/design_1_mdm_1_0/design_1_mdm_1_0/design_1_mdm_1_0_in_context.xdc] for cell 'design_1_i/mdm_1'
Parsing XDC File [c:/FPGA/FPGA_FUN/GraviTris/GraviTris.gen/sources_1/bd/design_1/ip/design_1_rst_clk_wiz_0_16M_0/design_1_rst_clk_wiz_0_16M_0/design_1_rst_clk_wiz_0_16M_0_in_context.xdc] for cell 'design_1_i/rst_clk_wiz_0_16M'
Finished Parsing XDC File [c:/FPGA/FPGA_FUN/GraviTris/GraviTris.gen/sources_1/bd/design_1/ip/design_1_rst_clk_wiz_0_16M_0/design_1_rst_clk_wiz_0_16M_0/design_1_rst_clk_wiz_0_16M_0_in_context.xdc] for cell 'design_1_i/rst_clk_wiz_0_16M'
Parsing XDC File [c:/FPGA/FPGA_FUN/GraviTris/GraviTris.gen/sources_1/bd/design_1/ip/design_1_axi_uartlite_0_0/design_1_axi_uartlite_0_0/design_1_axi_uartlite_0_0_in_context.xdc] for cell 'design_1_i/axi_uartlite_0'
Finished Parsing XDC File [c:/FPGA/FPGA_FUN/GraviTris/GraviTris.gen/sources_1/bd/design_1/ip/design_1_axi_uartlite_0_0/design_1_axi_uartlite_0_0/design_1_axi_uartlite_0_0_in_context.xdc] for cell 'design_1_i/axi_uartlite_0'
Parsing XDC File [c:/FPGA/FPGA_FUN/GraviTris/GraviTris.gen/sources_1/bd/design_1/ip/design_1_xbar_0/design_1_xbar_0/design_1_xbar_0_in_context.xdc] for cell 'design_1_i/microblaze_0_axi_periph/xbar'
Finished Parsing XDC File [c:/FPGA/FPGA_FUN/GraviTris/GraviTris.gen/sources_1/bd/design_1/ip/design_1_xbar_0/design_1_xbar_0/design_1_xbar_0_in_context.xdc] for cell 'design_1_i/microblaze_0_axi_periph/xbar'
Parsing XDC File [c:/FPGA/FPGA_FUN/GraviTris/GraviTris.gen/sources_1/bd/design_1/ip/design_1_axi_gpio_0_0/design_1_axi_gpio_0_0/design_1_axi_gpio_0_0_in_context.xdc] for cell 'design_1_i/axi_gpio_0'
Finished Parsing XDC File [c:/FPGA/FPGA_FUN/GraviTris/GraviTris.gen/sources_1/bd/design_1/ip/design_1_axi_gpio_0_0/design_1_axi_gpio_0_0/design_1_axi_gpio_0_0_in_context.xdc] for cell 'design_1_i/axi_gpio_0'
Parsing XDC File [c:/FPGA/FPGA_FUN/GraviTris/GraviTris.gen/sources_1/bd/design_1/ip/design_1_axi_gpio_1_0/design_1_axi_gpio_1_0/design_1_axi_gpio_1_0_in_context.xdc] for cell 'design_1_i/axi_gpio_1'
Finished Parsing XDC File [c:/FPGA/FPGA_FUN/GraviTris/GraviTris.gen/sources_1/bd/design_1/ip/design_1_axi_gpio_1_0/design_1_axi_gpio_1_0/design_1_axi_gpio_1_0_in_context.xdc] for cell 'design_1_i/axi_gpio_1'
Parsing XDC File [c:/FPGA/FPGA_FUN/GraviTris/GraviTris.gen/sources_1/bd/design_1/ip/design_1_IO_Mapper_0_0/design_1_IO_Mapper_0_0/design_1_IO_Mapper_0_0_in_context.xdc] for cell 'design_1_i/IO_Mapper_0'
Finished Parsing XDC File [c:/FPGA/FPGA_FUN/GraviTris/GraviTris.gen/sources_1/bd/design_1/ip/design_1_IO_Mapper_0_0/design_1_IO_Mapper_0_0/design_1_IO_Mapper_0_0_in_context.xdc] for cell 'design_1_i/IO_Mapper_0'
Parsing XDC File [C:/FPGA/FPGA_FUN/GraviTris/GraviTris.srcs/constrs_1/new/const.xdc]
WARNING: [Vivado 12-507] No nets matched 'design_1_i/axi_gpio_0/gpio2_io_o[23]'. [C:/FPGA/FPGA_FUN/GraviTris/GraviTris.srcs/constrs_1/new/const.xdc:37]
WARNING: [Vivado 12-507] No nets matched 'design_1_i/axi_gpio_0/gpio2_io_o[12]'. [C:/FPGA/FPGA_FUN/GraviTris/GraviTris.srcs/constrs_1/new/const.xdc:38]
WARNING: [Vivado 12-507] No nets matched 'design_1_i/axi_gpio_0/gpio2_io_o[4]'. [C:/FPGA/FPGA_FUN/GraviTris/GraviTris.srcs/constrs_1/new/const.xdc:39]
WARNING: [Vivado 12-507] No nets matched 'design_1_i/axi_gpio_0/gpio2_io_o[6]'. [C:/FPGA/FPGA_FUN/GraviTris/GraviTris.srcs/constrs_1/new/const.xdc:40]
WARNING: [Vivado 12-507] No nets matched 'design_1_i/axi_gpio_0/gpio2_io_o[21]'. [C:/FPGA/FPGA_FUN/GraviTris/GraviTris.srcs/constrs_1/new/const.xdc:41]
WARNING: [Vivado 12-507] No nets matched 'design_1_i/axi_gpio_0/gpio2_io_o[28]'. [C:/FPGA/FPGA_FUN/GraviTris/GraviTris.srcs/constrs_1/new/const.xdc:42]
WARNING: [Vivado 12-507] No nets matched 'design_1_i/axi_gpio_0/gpio_io_o[14]'. [C:/FPGA/FPGA_FUN/GraviTris/GraviTris.srcs/constrs_1/new/const.xdc:43]
WARNING: [Vivado 12-507] No nets matched 'design_1_i/axi_gpio_0/gpio_io_o[9]'. [C:/FPGA/FPGA_FUN/GraviTris/GraviTris.srcs/constrs_1/new/const.xdc:44]
WARNING: [Vivado 12-507] No nets matched 'design_1_i/axi_gpio_0/gpio_io_o[12]'. [C:/FPGA/FPGA_FUN/GraviTris/GraviTris.srcs/constrs_1/new/const.xdc:45]
WARNING: [Vivado 12-507] No nets matched 'design_1_i/axi_gpio_0/gpio_io_o[20]'. [C:/FPGA/FPGA_FUN/GraviTris/GraviTris.srcs/constrs_1/new/const.xdc:46]
WARNING: [Vivado 12-507] No nets matched 'design_1_i/axi_gpio_0/gpio_io_o[27]'. [C:/FPGA/FPGA_FUN/GraviTris/GraviTris.srcs/constrs_1/new/const.xdc:47]
WARNING: [Vivado 12-507] No nets matched 'design_1_i/axi_gpio_0/gpio2_io_o[15]'. [C:/FPGA/FPGA_FUN/GraviTris/GraviTris.srcs/constrs_1/new/const.xdc:48]
WARNING: [Vivado 12-507] No nets matched 'design_1_i/axi_gpio_0/gpio2_io_o[7]'. [C:/FPGA/FPGA_FUN/GraviTris/GraviTris.srcs/constrs_1/new/const.xdc:49]
WARNING: [Vivado 12-507] No nets matched 'design_1_i/axi_gpio_0/gpio2_io_o[30]'. [C:/FPGA/FPGA_FUN/GraviTris/GraviTris.srcs/constrs_1/new/const.xdc:50]
WARNING: [Vivado 12-507] No nets matched 'design_1_i/axi_gpio_0/gpio_io_o[16]'. [C:/FPGA/FPGA_FUN/GraviTris/GraviTris.srcs/constrs_1/new/const.xdc:51]
WARNING: [Vivado 12-507] No nets matched 'design_1_i/axi_gpio_0/gpio_io_o[18]'. [C:/FPGA/FPGA_FUN/GraviTris/GraviTris.srcs/constrs_1/new/const.xdc:52]
WARNING: [Vivado 12-507] No nets matched 'design_1_i/axi_gpio_0/gpio_io_o[25]'. [C:/FPGA/FPGA_FUN/GraviTris/GraviTris.srcs/constrs_1/new/const.xdc:53]
WARNING: [Vivado 12-507] No nets matched 'design_1_i/axi_gpio_0/gpio_io_o[31]'. [C:/FPGA/FPGA_FUN/GraviTris/GraviTris.srcs/constrs_1/new/const.xdc:54]
WARNING: [Vivado 12-507] No nets matched 'design_1_i/axi_gpio_0/gpio_io_o[2]'. [C:/FPGA/FPGA_FUN/GraviTris/GraviTris.srcs/constrs_1/new/const.xdc:55]
WARNING: [Vivado 12-507] No nets matched 'design_1_i/axi_gpio_0/gpio2_io_o[3]'. [C:/FPGA/FPGA_FUN/GraviTris/GraviTris.srcs/constrs_1/new/const.xdc:56]
WARNING: [Vivado 12-507] No nets matched 'design_1_i/axi_gpio_0/gpio2_io_o[26]'. [C:/FPGA/FPGA_FUN/GraviTris/GraviTris.srcs/constrs_1/new/const.xdc:57]
WARNING: [Vivado 12-507] No nets matched 'design_1_i/axi_gpio_0/gpio2_io_o[31]'. [C:/FPGA/FPGA_FUN/GraviTris/GraviTris.srcs/constrs_1/new/const.xdc:58]
WARNING: [Vivado 12-507] No nets matched 'design_1_i/axi_gpio_0/gpio_io_o[4]'. [C:/FPGA/FPGA_FUN/GraviTris/GraviTris.srcs/constrs_1/new/const.xdc:59]
WARNING: [Vivado 12-507] No nets matched 'design_1_i/axi_gpio_0/gpio_io_o[10]'. [C:/FPGA/FPGA_FUN/GraviTris/GraviTris.srcs/constrs_1/new/const.xdc:60]
WARNING: [Vivado 12-507] No nets matched 'design_1_i/axi_gpio_0/gpio_io_o[21]'. [C:/FPGA/FPGA_FUN/GraviTris/GraviTris.srcs/constrs_1/new/const.xdc:61]
WARNING: [Vivado 12-507] No nets matched 'design_1_i/axi_gpio_0/gpio_io_o[22]'. [C:/FPGA/FPGA_FUN/GraviTris/GraviTris.srcs/constrs_1/new/const.xdc:62]
WARNING: [Vivado 12-507] No nets matched 'design_1_i/axi_gpio_0/gpio_io_o[26]'. [C:/FPGA/FPGA_FUN/GraviTris/GraviTris.srcs/constrs_1/new/const.xdc:63]
WARNING: [Vivado 12-507] No nets matched 'design_1_i/axi_gpio_0/gpio2_io_o[17]'. [C:/FPGA/FPGA_FUN/GraviTris/GraviTris.srcs/constrs_1/new/const.xdc:64]
WARNING: [Vivado 12-507] No nets matched 'design_1_i/axi_gpio_0/gpio2_io_o[8]'. [C:/FPGA/FPGA_FUN/GraviTris/GraviTris.srcs/constrs_1/new/const.xdc:65]
WARNING: [Vivado 12-507] No nets matched 'design_1_i/axi_gpio_0/gpio2_io_o[10]'. [C:/FPGA/FPGA_FUN/GraviTris/GraviTris.srcs/constrs_1/new/const.xdc:66]
WARNING: [Vivado 12-507] No nets matched 'design_1_i/axi_gpio_0/gpio2_io_o[1]'. [C:/FPGA/FPGA_FUN/GraviTris/GraviTris.srcs/constrs_1/new/const.xdc:67]
WARNING: [Vivado 12-507] No nets matched 'design_1_i/axi_gpio_0/gpio2_io_o[18]'. [C:/FPGA/FPGA_FUN/GraviTris/GraviTris.srcs/constrs_1/new/const.xdc:68]
WARNING: [Vivado 12-507] No nets matched 'design_1_i/axi_gpio_0/gpio_io_o[5]'. [C:/FPGA/FPGA_FUN/GraviTris/GraviTris.srcs/constrs_1/new/const.xdc:69]
WARNING: [Vivado 12-507] No nets matched 'design_1_i/axi_gpio_0/gpio_io_o[23]'. [C:/FPGA/FPGA_FUN/GraviTris/GraviTris.srcs/constrs_1/new/const.xdc:70]
WARNING: [Vivado 12-507] No nets matched 'design_1_i/axi_gpio_0/gpio_io_o[6]'. [C:/FPGA/FPGA_FUN/GraviTris/GraviTris.srcs/constrs_1/new/const.xdc:71]
WARNING: [Vivado 12-507] No nets matched 'design_1_i/axi_gpio_0/gpio_io_o[28]'. [C:/FPGA/FPGA_FUN/GraviTris/GraviTris.srcs/constrs_1/new/const.xdc:72]
WARNING: [Vivado 12-507] No nets matched 'design_1_i/axi_gpio_0/gpio_io_o[29]'. [C:/FPGA/FPGA_FUN/GraviTris/GraviTris.srcs/constrs_1/new/const.xdc:73]
WARNING: [Vivado 12-507] No nets matched 'design_1_i/axi_gpio_0/gpio_io_o[30]'. [C:/FPGA/FPGA_FUN/GraviTris/GraviTris.srcs/constrs_1/new/const.xdc:74]
WARNING: [Vivado 12-507] No nets matched 'design_1_i/axi_gpio_0/gpio2_io_o[2]'. [C:/FPGA/FPGA_FUN/GraviTris/GraviTris.srcs/constrs_1/new/const.xdc:75]
WARNING: [Vivado 12-507] No nets matched 'design_1_i/axi_gpio_0/gpio2_io_o[29]'. [C:/FPGA/FPGA_FUN/GraviTris/GraviTris.srcs/constrs_1/new/const.xdc:76]
WARNING: [Vivado 12-507] No nets matched 'design_1_i/axi_gpio_0/gpio_io_o[24]'. [C:/FPGA/FPGA_FUN/GraviTris/GraviTris.srcs/constrs_1/new/const.xdc:77]
WARNING: [Vivado 12-507] No nets matched 'design_1_i/axi_gpio_0/gpio2_io_o[0]'. [C:/FPGA/FPGA_FUN/GraviTris/GraviTris.srcs/constrs_1/new/const.xdc:78]
WARNING: [Vivado 12-507] No nets matched 'design_1_i/axi_gpio_0/gpio2_io_o[11]'. [C:/FPGA/FPGA_FUN/GraviTris/GraviTris.srcs/constrs_1/new/const.xdc:79]
WARNING: [Vivado 12-507] No nets matched 'design_1_i/axi_gpio_0/gpio2_io_o[16]'. [C:/FPGA/FPGA_FUN/GraviTris/GraviTris.srcs/constrs_1/new/const.xdc:80]
WARNING: [Vivado 12-507] No nets matched 'design_1_i/axi_gpio_0/gpio2_io_o[22]'. [C:/FPGA/FPGA_FUN/GraviTris/GraviTris.srcs/constrs_1/new/const.xdc:81]
WARNING: [Vivado 12-507] No nets matched 'design_1_i/axi_gpio_0/gpio2_io_o[25]'. [C:/FPGA/FPGA_FUN/GraviTris/GraviTris.srcs/constrs_1/new/const.xdc:82]
WARNING: [Vivado 12-507] No nets matched 'design_1_i/axi_gpio_0/gpio_io_o[15]'. [C:/FPGA/FPGA_FUN/GraviTris/GraviTris.srcs/constrs_1/new/const.xdc:83]
WARNING: [Vivado 12-507] No nets matched 'design_1_i/axi_gpio_0/gpio2_io_o[24]'. [C:/FPGA/FPGA_FUN/GraviTris/GraviTris.srcs/constrs_1/new/const.xdc:84]
WARNING: [Vivado 12-507] No nets matched 'design_1_i/axi_gpio_0/gpio2_io_o[20]'. [C:/FPGA/FPGA_FUN/GraviTris/GraviTris.srcs/constrs_1/new/const.xdc:85]
WARNING: [Vivado 12-507] No nets matched 'design_1_i/axi_gpio_0/gpio2_io_o[13]'. [C:/FPGA/FPGA_FUN/GraviTris/GraviTris.srcs/constrs_1/new/const.xdc:86]
WARNING: [Vivado 12-507] No nets matched 'design_1_i/axi_gpio_0/gpio2_io_o[14]'. [C:/FPGA/FPGA_FUN/GraviTris/GraviTris.srcs/constrs_1/new/const.xdc:87]
WARNING: [Vivado 12-507] No nets matched 'design_1_i/axi_gpio_0/gpio_io_o[8]'. [C:/FPGA/FPGA_FUN/GraviTris/GraviTris.srcs/constrs_1/new/const.xdc:88]
WARNING: [Vivado 12-507] No nets matched 'design_1_i/axi_gpio_0/gpio_io_o[7]'. [C:/FPGA/FPGA_FUN/GraviTris/GraviTris.srcs/constrs_1/new/const.xdc:89]
WARNING: [Vivado 12-507] No nets matched 'design_1_i/axi_gpio_0/gpio_io_o[13]'. [C:/FPGA/FPGA_FUN/GraviTris/GraviTris.srcs/constrs_1/new/const.xdc:90]
WARNING: [Vivado 12-507] No nets matched 'design_1_i/axi_gpio_0/gpio_io_o[3]'. [C:/FPGA/FPGA_FUN/GraviTris/GraviTris.srcs/constrs_1/new/const.xdc:91]
WARNING: [Vivado 12-507] No nets matched 'design_1_i/axi_gpio_0/gpio2_io_o[9]'. [C:/FPGA/FPGA_FUN/GraviTris/GraviTris.srcs/constrs_1/new/const.xdc:92]
WARNING: [Vivado 12-507] No nets matched 'design_1_i/axi_gpio_0/gpio2_io_o[5]'. [C:/FPGA/FPGA_FUN/GraviTris/GraviTris.srcs/constrs_1/new/const.xdc:93]
WARNING: [Vivado 12-507] No nets matched 'design_1_i/axi_gpio_0/gpio2_io_o[19]'. [C:/FPGA/FPGA_FUN/GraviTris/GraviTris.srcs/constrs_1/new/const.xdc:94]
WARNING: [Vivado 12-507] No nets matched 'design_1_i/axi_gpio_0/gpio_io_o[0]'. [C:/FPGA/FPGA_FUN/GraviTris/GraviTris.srcs/constrs_1/new/const.xdc:95]
WARNING: [Vivado 12-507] No nets matched 'design_1_i/axi_gpio_0/gpio_io_o[11]'. [C:/FPGA/FPGA_FUN/GraviTris/GraviTris.srcs/constrs_1/new/const.xdc:96]
WARNING: [Vivado 12-507] No nets matched 'design_1_i/axi_gpio_0/gpio_io_o[17]'. [C:/FPGA/FPGA_FUN/GraviTris/GraviTris.srcs/constrs_1/new/const.xdc:97]
WARNING: [Vivado 12-507] No nets matched 'design_1_i/axi_gpio_0/gpio_io_o[19]'. [C:/FPGA/FPGA_FUN/GraviTris/GraviTris.srcs/constrs_1/new/const.xdc:98]
WARNING: [Vivado 12-507] No nets matched 'design_1_i/axi_gpio_0/gpio_io_o[1]'. [C:/FPGA/FPGA_FUN/GraviTris/GraviTris.srcs/constrs_1/new/const.xdc:99]
WARNING: [Vivado 12-507] No nets matched 'design_1_i/axi_gpio_0/gpio2_io_o[27]'. [C:/FPGA/FPGA_FUN/GraviTris/GraviTris.srcs/constrs_1/new/const.xdc:100]
Finished Parsing XDC File [C:/FPGA/FPGA_FUN/GraviTris/GraviTris.srcs/constrs_1/new/const.xdc]
WARNING: [Project 1-498] One or more constraints failed evaluation while reading constraint file [C:/FPGA/FPGA_FUN/GraviTris/GraviTris.srcs/constrs_1/new/const.xdc] and the design contains unresolved black boxes. These constraints will be read post-synthesis (as long as their source constraint file is marked as used_in_implementation) and should be applied correctly then. You should review the constraints listed in the file [.Xil/design_1_wrapper_propImpl.xdc] and check the run log file to verify that these constraints were correctly applied.
INFO: [Project 1-236] Implementation specific constraints were found while reading constraint file [C:/FPGA/FPGA_FUN/GraviTris/GraviTris.srcs/constrs_1/new/const.xdc]. These constraints will be ignored for synthesis but will be used in implementation. Impacted constraints are listed in the file [.Xil/design_1_wrapper_propImpl.xdc].
Resolution: To avoid this warning, move constraints listed in [.Xil/design_1_wrapper_propImpl.xdc] to another XDC file and exclude this new file from synthesis with the used_in_synthesis property (File Properties dialog in GUI) and re-run elaboration/synthesis.
Parsing XDC File [C:/FPGA/FPGA_FUN/GraviTris/GraviTris.runs/synth_1/dont_touch.xdc]
Finished Parsing XDC File [C:/FPGA/FPGA_FUN/GraviTris/GraviTris.runs/synth_1/dont_touch.xdc]
Completed Processing XDC Constraints

Netlist sorting complete. Time (s): cpu = 00:00:00 ; elapsed = 00:00:00 . Memory (MB): peak = 1579.270 ; gain = 0.000
INFO: [Project 1-111] Unisim Transformation Summary:
No Unisim elements were transformed.

The system cannot find the path specified.
Constraint Validation Runtime : Time (s): cpu = 00:00:00 ; elapsed = 00:00:00.003 . Memory (MB): peak = 1579.270 ; gain = 0.000
INFO: [Designutils 20-5440] No compile time benefit to using incremental synthesis; A full resynthesis will be run
INFO: [Designutils 20-4379] Flow is switching to default flow due to incremental criteria not met. If you would like to alter this behaviour and have the flow terminate instead, please set the following parameter config_implementation {autoIncr.Synth.RejectBehavior Terminate}
---------------------------------------------------------------------------------
Finished Constraint Validation : Time (s): cpu = 00:00:09 ; elapsed = 00:00:09 . Memory (MB): peak = 1579.270 ; gain = 569.496
---------------------------------------------------------------------------------
---------------------------------------------------------------------------------
Start Loading Part and Timing Information
---------------------------------------------------------------------------------
Loading part: xc7a35tcpg236-1
---------------------------------------------------------------------------------
Finished Loading Part and Timing Information : Time (s): cpu = 00:00:09 ; elapsed = 00:00:09 . Memory (MB): peak = 1579.270 ; gain = 569.496
---------------------------------------------------------------------------------
---------------------------------------------------------------------------------
Start Applying 'set_property' XDC Constraints
---------------------------------------------------------------------------------
Applied set_property IO_BUFFER_TYPE = NONE for sys_clock. (constraint file  c:/FPGA/FPGA_FUN/GraviTris/GraviTris.gen/sources_1/bd/design_1/ip/design_1_clk_wiz_0_0/design_1_clk_wiz_0_0/design_1_clk_wiz_0_0_in_context.xdc, line 3).
Applied set_property CLOCK_BUFFER_TYPE = NONE for sys_clock. (constraint file  c:/FPGA/FPGA_FUN/GraviTris/GraviTris.gen/sources_1/bd/design_1/ip/design_1_clk_wiz_0_0/design_1_clk_wiz_0_0/design_1_clk_wiz_0_0_in_context.xdc, line 4).
Applied set_property KEEP_HIERARCHY = SOFT for design_1_i. (constraint file  auto generated constraint).
Applied set_property KEEP_HIERARCHY = SOFT for design_1_i/TTF_Driver_0. (constraint file  auto generated constraint).
Applied set_property KEEP_HIERARCHY = SOFT for design_1_i/clk_wiz_0. (constraint file  auto generated constraint).
Applied set_property KEEP_HIERARCHY = SOFT for design_1_i/microblaze_0. (constraint file  auto generated constraint).
Applied set_property KEEP_HIERARCHY = SOFT for design_1_i/microblaze_0_local_memory/dlmb_v10. (constraint file  auto generated constraint).
Applied set_property KEEP_HIERARCHY = SOFT for design_1_i/microblaze_0_local_memory/ilmb_v10. (constraint file  auto generated constraint).
Applied set_property KEEP_HIERARCHY = SOFT for design_1_i/microblaze_0_local_memory/dlmb_bram_if_cntlr. (constraint file  auto generated constraint).
Applied set_property KEEP_HIERARCHY = SOFT for design_1_i/microblaze_0_local_memory/ilmb_bram_if_cntlr. (constraint file  auto generated constraint).
Applied set_property KEEP_HIERARCHY = SOFT for design_1_i/microblaze_0_local_memory/lmb_bram. (constraint file  auto generated constraint).
Applied set_property KEEP_HIERARCHY = SOFT for design_1_i/mdm_1. (constraint file  auto generated constraint).
Applied set_property KEEP_HIERARCHY = SOFT for design_1_i/rst_clk_wiz_0_16M. (constraint file  auto generated constraint).
Applied set_property KEEP_HIERARCHY = SOFT for design_1_i/axi_uartlite_0. (constraint file  auto generated constraint).
Applied set_property KEEP_HIERARCHY = SOFT for design_1_i/microblaze_0_axi_periph/xbar. (constraint file  auto generated constraint).
Applied set_property KEEP_HIERARCHY = SOFT for design_1_i/microblaze_0_axi_periph. (constraint file  auto generated constraint).
Applied set_property KEEP_HIERARCHY = SOFT for design_1_i/axi_gpio_0. (constraint file  auto generated constraint).
Applied set_property KEEP_HIERARCHY = SOFT for design_1_i/axi_gpio_1. (constraint file  auto generated constraint).
Applied set_property KEEP_HIERARCHY = SOFT for design_1_i/IO_Mapper_0. (constraint file  auto generated constraint).
---------------------------------------------------------------------------------
Finished applying 'set_property' XDC Constraints : Time (s): cpu = 00:00:09 ; elapsed = 00:00:09 . Memory (MB): peak = 1579.270 ; gain = 569.496
---------------------------------------------------------------------------------
---------------------------------------------------------------------------------
Finished RTL Optimization Phase 2 : Time (s): cpu = 00:00:09 ; elapsed = 00:00:09 . Memory (MB): peak = 1579.270 ; gain = 569.496
---------------------------------------------------------------------------------
---------------------------------------------------------------------------------
Start RTL Component Statistics 
---------------------------------------------------------------------------------
Detailed RTL Component Info : 
---------------------------------------------------------------------------------
Finished RTL Component Statistics 
---------------------------------------------------------------------------------
---------------------------------------------------------------------------------
Start Part Resource Summary
---------------------------------------------------------------------------------
Part Resources:
DSPs: 90 (col length:60)
BRAMs: 100 (col length: RAMB18 60 RAMB36 30)
---------------------------------------------------------------------------------
Finished Part Resource Summary
---------------------------------------------------------------------------------
---------------------------------------------------------------------------------
Start Cross Boundary and Area Optimization
---------------------------------------------------------------------------------
WARNING: [Synth 8-7080] Parallel synthesis criteria is not met
WARNING: [Synth 8-7129] Port M00_ACLK in module design_1_microblaze_0_axi_periph_0 is either unconnected or has no load
WARNING: [Synth 8-7129] Port M00_ARESETN in module design_1_microblaze_0_axi_periph_0 is either unconnected or has no load
WARNING: [Synth 8-7129] Port M01_ACLK in module design_1_microblaze_0_axi_periph_0 is either unconnected or has no load
WARNING: [Synth 8-7129] Port M01_ARESETN in module design_1_microblaze_0_axi_periph_0 is either unconnected or has no load
WARNING: [Synth 8-7129] Port M02_ACLK in module design_1_microblaze_0_axi_periph_0 is either unconnected or has no load
WARNING: [Synth 8-7129] Port M02_ARESETN in module design_1_microblaze_0_axi_periph_0 is either unconnected or has no load
WARNING: [Synth 8-7129] Port S00_ACLK in module design_1_microblaze_0_axi_periph_0 is either unconnected or has no load
WARNING: [Synth 8-7129] Port S00_ARESETN in module design_1_microblaze_0_axi_periph_0 is either unconnected or has no load
---------------------------------------------------------------------------------
Finished Cross Boundary and Area Optimization : Time (s): cpu = 00:00:10 ; elapsed = 00:00:11 . Memory (MB): peak = 1579.270 ; gain = 569.496
---------------------------------------------------------------------------------
---------------------------------------------------------------------------------
Start Applying XDC Timing Constraints
---------------------------------------------------------------------------------
---------------------------------------------------------------------------------
Finished Applying XDC Timing Constraints : Time (s): cpu = 00:00:13 ; elapsed = 00:00:14 . Memory (MB): peak = 1579.270 ; gain = 569.496
---------------------------------------------------------------------------------
---------------------------------------------------------------------------------
Start Timing Optimization
---------------------------------------------------------------------------------
---------------------------------------------------------------------------------
Finished Timing Optimization : Time (s): cpu = 00:00:13 ; elapsed = 00:00:14 . Memory (MB): peak = 1579.270 ; gain = 569.496
---------------------------------------------------------------------------------
---------------------------------------------------------------------------------
Start Technology Mapping
---------------------------------------------------------------------------------
---------------------------------------------------------------------------------
Finished Technology Mapping : Time (s): cpu = 00:00:14 ; elapsed = 00:00:14 . Memory (MB): peak = 1579.270 ; gain = 569.496
---------------------------------------------------------------------------------
---------------------------------------------------------------------------------
Start IO Insertion
---------------------------------------------------------------------------------
---------------------------------------------------------------------------------
Start Flattening Before IO Insertion
---------------------------------------------------------------------------------
---------------------------------------------------------------------------------
Finished Flattening Before IO Insertion
---------------------------------------------------------------------------------
---------------------------------------------------------------------------------
Start Final Netlist Cleanup
---------------------------------------------------------------------------------
---------------------------------------------------------------------------------
Finished Final Netlist Cleanup
---------------------------------------------------------------------------------
---------------------------------------------------------------------------------
Finished IO Insertion : Time (s): cpu = 00:00:16 ; elapsed = 00:00:17 . Memory (MB): peak = 1579.270 ; gain = 569.496
---------------------------------------------------------------------------------
---------------------------------------------------------------------------------
Start Renaming Generated Instances
---------------------------------------------------------------------------------
---------------------------------------------------------------------------------
Finished Renaming Generated Instances : Time (s): cpu = 00:00:16 ; elapsed = 00:00:17 . Memory (MB): peak = 1579.270 ; gain = 569.496
---------------------------------------------------------------------------------
---------------------------------------------------------------------------------
Start Rebuilding User Hierarchy
---------------------------------------------------------------------------------
---------------------------------------------------------------------------------
Finished Rebuilding User Hierarchy : Time (s): cpu = 00:00:16 ; elapsed = 00:00:17 . Memory (MB): peak = 1579.270 ; gain = 569.496
---------------------------------------------------------------------------------
---------------------------------------------------------------------------------
Start Renaming Generated Ports
---------------------------------------------------------------------------------
---------------------------------------------------------------------------------
Finished Renaming Generated Ports : Time (s): cpu = 00:00:16 ; elapsed = 00:00:17 . Memory (MB): peak = 1579.270 ; gain = 569.496
---------------------------------------------------------------------------------
---------------------------------------------------------------------------------
Start Handling Custom Attributes
---------------------------------------------------------------------------------
---------------------------------------------------------------------------------
Finished Handling Custom Attributes : Time (s): cpu = 00:00:16 ; elapsed = 00:00:17 . Memory (MB): peak = 1579.270 ; gain = 569.496
---------------------------------------------------------------------------------
---------------------------------------------------------------------------------
Start Renaming Generated Nets
---------------------------------------------------------------------------------
---------------------------------------------------------------------------------
Finished Renaming Generated Nets : Time (s): cpu = 00:00:16 ; elapsed = 00:00:17 . Memory (MB): peak = 1579.270 ; gain = 569.496
---------------------------------------------------------------------------------
---------------------------------------------------------------------------------
Start Writing Synthesis Report
---------------------------------------------------------------------------------

Report BlackBoxes: 
+------+------------------------------+----------+
|      |BlackBox name                 |Instances |
+------+------------------------------+----------+
|1     |design_1_xbar_0               |         1|
|2     |design_1_IO_Mapper_0_0        |         1|
|3     |design_1_TTF_Driver_0_0       |         1|
|4     |design_1_axi_gpio_0_0         |         1|
|5     |design_1_axi_gpio_1_0         |         1|
|6     |design_1_axi_uartlite_0_0     |         1|
|7     |design_1_clk_wiz_0_0          |         1|
|8     |design_1_mdm_1_0              |         1|
|9     |design_1_microblaze_0_0       |         1|
|10    |design_1_rst_clk_wiz_0_16M_0  |         1|
|11    |design_1_dlmb_bram_if_cntlr_0 |         1|
|12    |design_1_dlmb_v10_0           |         1|
|13    |design_1_ilmb_bram_if_cntlr_0 |         1|
|14    |design_1_ilmb_v10_0           |         1|
|15    |design_1_lmb_bram_0           |         1|
+------+------------------------------+----------+

Report Cell Usage: 
+------+----------------------------+------+
|      |Cell                        |Count |
+------+----------------------------+------+
|1     |design_1_IO_Mapper_0        |     1|
|2     |design_1_TTF_Driver_0       |     1|
|3     |design_1_axi_gpio_0         |     1|
|4     |design_1_axi_gpio_1         |     1|
|5     |design_1_axi_uartlite_0     |     1|
|6     |design_1_clk_wiz_0          |     1|
|7     |design_1_dlmb_bram_if_cntlr |     1|
|8     |design_1_dlmb_v10           |     1|
|9     |design_1_ilmb_bram_if_cntlr |     1|
|10    |design_1_ilmb_v10           |     1|
|11    |design_1_lmb_bram           |     1|
|12    |design_1_mdm_1              |     1|
|13    |design_1_microblaze_0       |     1|
|14    |design_1_rst_clk_wiz_0_16M  |     1|
|15    |design_1_xbar               |     1|
|16    |IBUF                        |     3|
|17    |OBUF                        |    18|
+------+----------------------------+------+
---------------------------------------------------------------------------------
Finished Writing Synthesis Report : Time (s): cpu = 00:00:16 ; elapsed = 00:00:17 . Memory (MB): peak = 1579.270 ; gain = 569.496
---------------------------------------------------------------------------------
Synthesis finished with 0 errors, 0 critical warnings and 9 warnings.
Synthesis Optimization Runtime : Time (s): cpu = 00:00:11 ; elapsed = 00:00:15 . Memory (MB): peak = 1579.270 ; gain = 553.477
Synthesis Optimization Complete : Time (s): cpu = 00:00:16 ; elapsed = 00:00:17 . Memory (MB): peak = 1579.270 ; gain = 569.496
INFO: [Project 1-571] Translating synthesized netlist
Netlist sorting complete. Time (s): cpu = 00:00:00 ; elapsed = 00:00:00.013 . Memory (MB): peak = 1579.270 ; gain = 0.000
INFO: [Project 1-570] Preparing netlist for logic optimization
INFO: [Opt 31-138] Pushed 0 inverter(s) to 0 load pin(s).
Netlist sorting complete. Time (s): cpu = 00:00:00 ; elapsed = 00:00:00 . Memory (MB): peak = 1582.691 ; gain = 0.000
INFO: [Project 1-111] Unisim Transformation Summary:
No Unisim elements were transformed.

The system cannot find the path specified.
Synth Design complete | Checksum: eecbb097
INFO: [Common 17-83] Releasing license: Synthesis
68 Infos, 115 Warnings, 0 Critical Warnings and 0 Errors encountered.
synth_design completed successfully
synth_design: Time (s): cpu = 00:00:19 ; elapsed = 00:00:20 . Memory (MB): peak = 1582.691 ; gain = 965.027
Write ShapeDB Complete: Time (s): cpu = 00:00:00 ; elapsed = 00:00:00 . Memory (MB): peak = 1582.691 ; gain = 0.000
INFO: [Common 17-1381] The checkpoint 'C:/FPGA/FPGA_FUN/GraviTris/GraviTris.runs/synth_1/design_1_wrapper.dcp' has been generated.
INFO: [runtcl-4] Executing : report_utilization -file design_1_wrapper_utilization_synth.rpt -pb design_1_wrapper_utilization_synth.pb
INFO: [Common 17-206] Exiting Vivado at Mon May 27 13:10:00 2024...
