Copyright 1986-2022 Xilinx, Inc. All Rights Reserved. Copyright 2022-2023 Advanced Micro Devices, Inc. All Rights Reserved.
---------------------------------------------------------------------------------------------------------------------------------------------
| Tool Version : Vivado v.2023.2 (win64) Build 4029153 Fri Oct 13 20:14:34 MDT 2023
| Date         : Sun Jun 23 08:37:18 2024
| Host         : CP-230194 running 64-bit major release  (build 9200)
| Command      : upgrade_ip
| Device       : xc7a35tcpg236-1
---------------------------------------------------------------------------------------------------------------------------------------------

Upgrade Log for IP 'design_1_xlconstant_0_0'

1. Summary
----------

SUCCESS in the upgrade of design_1_xlconstant_0_0 (xilinx.com:ip:xlconstant:1.1) from (Rev. 7) to (Rev. 8)






Copyright 1986-2022 Xilinx, Inc. All Rights Reserved. Copyright 2022-2023 Advanced Micro Devices, Inc. All Rights Reserved.
---------------------------------------------------------------------------------------------------------------------------------------------
| Tool Version : Vivado v.2023.2 (win64) Build 4029153 Fri Oct 13 20:14:34 MDT 2023
| Date         : Sun Jun 23 08:37:18 2024
| Host         : CP-230194 running 64-bit major release  (build 9200)
| Command      : upgrade_ip
| Device       : xc7a35tcpg236-1
---------------------------------------------------------------------------------------------------------------------------------------------

Upgrade Log for IP 'design_1_blk_mem_gen_0_0'

1. Summary
----------

SUCCESS in the upgrade of design_1_blk_mem_gen_0_0 (xilinx.com:ip:blk_mem_gen:8.4) from (Rev. 5) to (Rev. 7)

